2023-09-29 12:15:42,173 - INFO - Pika version 1.3.2 connecting to ('::1', 5672, 0, 0)
2023-09-29 12:15:42,174 - INFO - Socket connected: <socket.socket fd=1292, family=AddressFamily.AF_INET6, type=SocketKind.SOCK_STREAM, proto=6, laddr=('::1', 50102, 0, 0), raddr=('::1', 5672, 0, 0)>
2023-09-29 12:15:42,175 - INFO - Streaming transport linked up: (<pika.adapters.utils.io_services_utils._AsyncPlaintextTransport object at 0x0000021AD8830460>, _StreamingProtocolShim: <SelectConnection PROTOCOL transport=<pika.adapters.utils.io_services_utils._AsyncPlaintextTransport object at 0x0000021AD8830460> params=<ConnectionParameters host=localhost port=5672 virtual_host=/ ssl=False>>).
2023-09-29 12:15:42,177 - INFO - AMQPConnector - reporting success: <SelectConnection OPEN transport=<pika.adapters.utils.io_services_utils._AsyncPlaintextTransport object at 0x0000021AD8830460> params=<ConnectionParameters host=localhost port=5672 virtual_host=/ ssl=False>>
2023-09-29 12:15:42,177 - INFO - AMQPConnectionWorkflow - reporting success: <SelectConnection OPEN transport=<pika.adapters.utils.io_services_utils._AsyncPlaintextTransport object at 0x0000021AD8830460> params=<ConnectionParameters host=localhost port=5672 virtual_host=/ ssl=False>>
2023-09-29 12:15:42,178 - INFO - Connection workflow succeeded: <SelectConnection OPEN transport=<pika.adapters.utils.io_services_utils._AsyncPlaintextTransport object at 0x0000021AD8830460> params=<ConnectionParameters host=localhost port=5672 virtual_host=/ ssl=False>>
2023-09-29 12:15:42,178 - INFO - Created channel=1
2023-09-29 12:15:42,210 - INFO - Sent to 01-smoker Queue: Timestamp=05/22/21 12:20:15, Temperature=84.2
2023-09-29 12:15:42,321 - INFO - Sent: Timestamp=05/22/21 12:20:15, Smoker Temp=84.2, Food A Temp=None, Food B Temp=None
2023-09-29 12:15:42,321 - INFO - CTRL+C to cancel program
2023-09-29 12:15:42,322 - INFO - Sent to 01-smoker Queue: Timestamp=05/22/21 12:20:20, Temperature=84.2
2023-09-29 12:15:42,430 - INFO - Sent: Timestamp=05/22/21 12:20:20, Smoker Temp=84.2, Food A Temp=None, Food B Temp=None
2023-09-29 12:15:42,430 - INFO - CTRL+C to cancel program
2023-09-29 12:15:42,431 - INFO - Sent to 01-smoker Queue: Timestamp=05/22/21 12:21:10, Temperature=87.6
2023-09-29 12:15:42,542 - INFO - Sent: Timestamp=05/22/21 12:21:10, Smoker Temp=87.6, Food A Temp=None, Food B Temp=None
2023-09-29 12:15:42,543 - INFO - CTRL+C to cancel program
2023-09-29 12:15:42,544 - INFO - Sent to 01-smoker Queue: Timestamp=05/22/21 12:21:15, Temperature=87.6
2023-09-29 12:15:42,653 - INFO - Sent: Timestamp=05/22/21 12:21:15, Smoker Temp=87.6, Food A Temp=None, Food B Temp=None
2023-09-29 12:15:42,653 - INFO - CTRL+C to cancel program
2023-09-29 12:15:42,654 - INFO - Sent to 01-smoker Queue: Timestamp=05/22/21 12:22:10, Temperature=86.3
2023-09-29 12:15:42,762 - INFO - Sent: Timestamp=05/22/21 12:22:10, Smoker Temp=86.3, Food A Temp=None, Food B Temp=None
2023-09-29 12:15:42,762 - INFO - CTRL+C to cancel program
2023-09-29 12:15:42,763 - INFO - Sent to 01-smoker Queue: Timestamp=05/22/21 12:22:15, Temperature=86.3
2023-09-29 12:15:42,873 - INFO - Sent: Timestamp=05/22/21 12:22:15, Smoker Temp=86.3, Food A Temp=None, Food B Temp=None
2023-09-29 12:15:42,873 - INFO - CTRL+C to cancel program
2023-09-29 12:15:42,874 - INFO - Sent to 01-smoker Queue: Timestamp=05/22/21 12:23:10, Temperature=92.0
2023-09-29 12:15:42,983 - INFO - Sent: Timestamp=05/22/21 12:23:10, Smoker Temp=92.0, Food A Temp=None, Food B Temp=None
2023-09-29 12:15:42,984 - INFO - CTRL+C to cancel program
2023-09-29 12:15:42,984 - INFO - Sent to 01-smoker Queue: Timestamp=05/22/21 12:23:15, Temperature=92.0
2023-09-29 12:15:43,095 - INFO - Sent: Timestamp=05/22/21 12:23:15, Smoker Temp=92.0, Food A Temp=None, Food B Temp=None
2023-09-29 12:15:43,095 - INFO - CTRL+C to cancel program
2023-09-29 12:15:43,096 - INFO - Sent to 01-smoker Queue: Timestamp=05/22/21 12:24:10, Temperature=96.8
2023-09-29 12:15:43,206 - INFO - Sent: Timestamp=05/22/21 12:24:10, Smoker Temp=96.8, Food A Temp=None, Food B Temp=None
2023-09-29 12:15:43,206 - INFO - CTRL+C to cancel program
2023-09-29 12:15:43,207 - INFO - Sent to 01-smoker Queue: Timestamp=05/22/21 12:24:15, Temperature=96.8
2023-09-29 12:15:43,317 - INFO - Sent: Timestamp=05/22/21 12:24:15, Smoker Temp=96.8, Food A Temp=None, Food B Temp=None
2023-09-29 12:15:43,317 - INFO - CTRL+C to cancel program
2023-09-29 12:15:43,317 - INFO - Sent to 01-smoker Queue: Timestamp=05/22/21 12:25:05, Temperature=100.6
2023-09-29 12:15:43,429 - INFO - Sent: Timestamp=05/22/21 12:25:05, Smoker Temp=100.6, Food A Temp=None, Food B Temp=None
2023-09-29 12:15:43,429 - INFO - CTRL+C to cancel program
2023-09-29 12:15:43,430 - INFO - Sent to 01-smoker Queue: Timestamp=05/22/21 12:25:10, Temperature=100.9
2023-09-29 12:15:43,540 - INFO - Sent: Timestamp=05/22/21 12:25:10, Smoker Temp=100.9, Food A Temp=None, Food B Temp=None
2023-09-29 12:15:43,540 - INFO - CTRL+C to cancel program
2023-09-29 12:15:43,541 - INFO - Sent to 01-smoker Queue: Timestamp=05/22/21 12:25:15, Temperature=100.9
2023-09-29 12:15:43,651 - INFO - Sent: Timestamp=05/22/21 12:25:15, Smoker Temp=100.9, Food A Temp=None, Food B Temp=None
2023-09-29 12:15:43,651 - INFO - CTRL+C to cancel program
2023-09-29 12:15:43,651 - INFO - Sent to 01-smoker Queue: Timestamp=05/22/21 12:26:10, Temperature=104.8
2023-09-29 12:15:43,761 - INFO - Sent: Timestamp=05/22/21 12:26:10, Smoker Temp=104.8, Food A Temp=None, Food B Temp=None
2023-09-29 12:15:43,761 - INFO - CTRL+C to cancel program
2023-09-29 12:15:43,761 - INFO - Sent to 01-smoker Queue: Timestamp=05/22/21 12:26:15, Temperature=104.8
2023-09-29 12:15:43,872 - INFO - Sent: Timestamp=05/22/21 12:26:15, Smoker Temp=104.8, Food A Temp=None, Food B Temp=None
2023-09-29 12:15:43,872 - INFO - CTRL+C to cancel program
2023-09-29 12:15:43,872 - INFO - Sent to 01-smoker Queue: Timestamp=05/22/21 12:27:10, Temperature=108.2
2023-09-29 12:15:43,981 - INFO - Sent: Timestamp=05/22/21 12:27:10, Smoker Temp=108.2, Food A Temp=None, Food B Temp=None
2023-09-29 12:15:43,981 - INFO - CTRL+C to cancel program
2023-09-29 12:15:43,982 - INFO - Sent to 01-smoker Queue: Timestamp=05/22/21 12:27:15, Temperature=108.2
2023-09-29 12:15:44,092 - INFO - Sent: Timestamp=05/22/21 12:27:15, Smoker Temp=108.2, Food A Temp=None, Food B Temp=None
2023-09-29 12:15:44,092 - INFO - CTRL+C to cancel program
2023-09-29 12:15:44,093 - INFO - Sent to 01-smoker Queue: Timestamp=05/22/21 12:28:10, Temperature=111.4
2023-09-29 12:15:44,203 - INFO - Sent: Timestamp=05/22/21 12:28:10, Smoker Temp=111.4, Food A Temp=None, Food B Temp=None
2023-09-29 12:15:44,203 - INFO - CTRL+C to cancel program
2023-09-29 12:15:44,204 - INFO - Sent to 01-smoker Queue: Timestamp=05/22/21 12:28:15, Temperature=111.4
2023-09-29 12:15:44,314 - INFO - Sent: Timestamp=05/22/21 12:28:15, Smoker Temp=111.4, Food A Temp=None, Food B Temp=None
2023-09-29 12:15:44,314 - INFO - CTRL+C to cancel program
2023-09-29 12:15:44,315 - INFO - Sent to 01-smoker Queue: Timestamp=05/22/21 12:29:10, Temperature=114.2
2023-09-29 12:15:44,426 - INFO - Sent: Timestamp=05/22/21 12:29:10, Smoker Temp=114.2, Food A Temp=None, Food B Temp=None
2023-09-29 12:15:44,426 - INFO - CTRL+C to cancel program
2023-09-29 12:15:44,426 - INFO - Sent to 01-smoker Queue: Timestamp=05/22/21 12:29:15, Temperature=114.2
2023-09-29 12:15:44,535 - INFO - Sent: Timestamp=05/22/21 12:29:15, Smoker Temp=114.2, Food A Temp=None, Food B Temp=None
2023-09-29 12:15:44,535 - INFO - CTRL+C to cancel program
2023-09-29 12:15:44,535 - INFO - Sent to 01-smoker Queue: Timestamp=05/22/21 12:30:10, Temperature=116.9
2023-09-29 12:15:44,643 - INFO - Sent: Timestamp=05/22/21 12:30:10, Smoker Temp=116.9, Food A Temp=None, Food B Temp=None
2023-09-29 12:15:44,643 - INFO - CTRL+C to cancel program
2023-09-29 12:15:44,644 - INFO - Sent to 01-smoker Queue: Timestamp=05/22/21 12:30:15, Temperature=116.9
2023-09-29 12:15:44,752 - INFO - Sent: Timestamp=05/22/21 12:30:15, Smoker Temp=116.9, Food A Temp=None, Food B Temp=None
2023-09-29 12:15:44,752 - INFO - CTRL+C to cancel program
2023-09-29 12:15:44,753 - INFO - Sent to 01-smoker Queue: Timestamp=05/22/21 12:31:10, Temperature=119.4
2023-09-29 12:15:44,862 - INFO - Sent: Timestamp=05/22/21 12:31:10, Smoker Temp=119.4, Food A Temp=None, Food B Temp=None
2023-09-29 12:15:44,862 - INFO - CTRL+C to cancel program
2023-09-29 12:15:44,863 - INFO - Sent to 01-smoker Queue: Timestamp=05/22/21 12:31:15, Temperature=119.4
2023-09-29 12:15:44,970 - INFO - Sent: Timestamp=05/22/21 12:31:15, Smoker Temp=119.4, Food A Temp=None, Food B Temp=None
2023-09-29 12:15:44,970 - INFO - CTRL+C to cancel program
2023-09-29 12:15:44,971 - INFO - Sent to 01-smoker Queue: Timestamp=05/22/21 12:32:10, Temperature=120.1
2023-09-29 12:15:45,078 - INFO - Sent: Timestamp=05/22/21 12:32:10, Smoker Temp=120.1, Food A Temp=None, Food B Temp=None
2023-09-29 12:15:45,078 - INFO - CTRL+C to cancel program
2023-09-29 12:15:45,079 - INFO - Sent to 01-smoker Queue: Timestamp=05/22/21 12:32:15, Temperature=120.1
2023-09-29 12:15:45,188 - INFO - Sent: Timestamp=05/22/21 12:32:15, Smoker Temp=120.1, Food A Temp=None, Food B Temp=None
2023-09-29 12:15:45,188 - INFO - CTRL+C to cancel program
2023-09-29 12:15:45,189 - INFO - Sent to 01-smoker Queue: Timestamp=05/22/21 12:33:10, Temperature=106.2
2023-09-29 12:15:45,296 - INFO - Sent: Timestamp=05/22/21 12:33:10, Smoker Temp=106.2, Food A Temp=None, Food B Temp=None
2023-09-29 12:15:45,297 - INFO - CTRL+C to cancel program
2023-09-29 12:15:45,297 - INFO - Sent to 01-smoker Queue: Timestamp=05/22/21 12:33:15, Temperature=106.2
2023-09-29 12:15:45,406 - INFO - Sent: Timestamp=05/22/21 12:33:15, Smoker Temp=106.2, Food A Temp=None, Food B Temp=None
2023-09-29 12:15:45,406 - INFO - CTRL+C to cancel program
2023-09-29 12:15:45,407 - INFO - Sent to 01-smoker Queue: Timestamp=05/22/21 12:34:10, Temperature=103.5
2023-09-29 12:15:45,516 - INFO - Sent: Timestamp=05/22/21 12:34:10, Smoker Temp=103.5, Food A Temp=None, Food B Temp=None
2023-09-29 12:15:45,516 - INFO - CTRL+C to cancel program
2023-09-29 12:15:45,517 - INFO - Sent to 01-smoker Queue: Timestamp=05/22/21 12:34:15, Temperature=103.5
2023-09-29 12:15:45,626 - INFO - Sent: Timestamp=05/22/21 12:34:15, Smoker Temp=103.5, Food A Temp=None, Food B Temp=None
2023-09-29 12:15:45,626 - INFO - CTRL+C to cancel program
2023-09-29 12:15:45,627 - INFO - Sent to 01-smoker Queue: Timestamp=05/22/21 12:35:10, Temperature=105.3
2023-09-29 12:15:45,734 - INFO - Sent: Timestamp=05/22/21 12:35:10, Smoker Temp=105.3, Food A Temp=None, Food B Temp=None
2023-09-29 12:15:45,734 - INFO - CTRL+C to cancel program
2023-09-29 12:15:45,734 - INFO - Sent to 01-smoker Queue: Timestamp=05/22/21 12:35:15, Temperature=105.3
2023-09-29 12:15:45,846 - INFO - Sent: Timestamp=05/22/21 12:35:15, Smoker Temp=105.3, Food A Temp=None, Food B Temp=None
2023-09-29 12:15:45,846 - INFO - CTRL+C to cancel program
2023-09-29 12:15:45,847 - INFO - Sent to 01-smoker Queue: Timestamp=05/22/21 12:36:10, Temperature=106.9
2023-09-29 12:15:45,956 - INFO - Sent: Timestamp=05/22/21 12:36:10, Smoker Temp=106.9, Food A Temp=None, Food B Temp=None
2023-09-29 12:15:45,956 - INFO - CTRL+C to cancel program
2023-09-29 12:15:45,957 - INFO - Sent to 01-smoker Queue: Timestamp=05/22/21 12:36:15, Temperature=106.9
2023-09-29 12:15:46,067 - INFO - Sent: Timestamp=05/22/21 12:36:15, Smoker Temp=106.9, Food A Temp=None, Food B Temp=None
2023-09-29 12:15:46,067 - INFO - CTRL+C to cancel program
2023-09-29 12:15:46,067 - INFO - Sent to 01-smoker Queue: Timestamp=05/22/21 12:37:10, Temperature=111.9
2023-09-29 12:15:46,178 - INFO - Sent: Timestamp=05/22/21 12:37:10, Smoker Temp=111.9, Food A Temp=None, Food B Temp=None
2023-09-29 12:15:46,178 - INFO - CTRL+C to cancel program
2023-09-29 12:15:46,179 - INFO - Sent to 01-smoker Queue: Timestamp=05/22/21 12:37:15, Temperature=111.9
2023-09-29 12:15:46,289 - INFO - Sent: Timestamp=05/22/21 12:37:15, Smoker Temp=111.9, Food A Temp=None, Food B Temp=None
2023-09-29 12:15:46,289 - INFO - CTRL+C to cancel program
2023-09-29 12:15:46,290 - INFO - Sent to 01-smoker Queue: Timestamp=05/22/21 12:38:10, Temperature=114.2
2023-09-29 12:15:46,400 - INFO - Sent: Timestamp=05/22/21 12:38:10, Smoker Temp=114.2, Food A Temp=None, Food B Temp=None
2023-09-29 12:15:46,400 - INFO - CTRL+C to cancel program
2023-09-29 12:15:46,401 - INFO - Sent to 01-smoker Queue: Timestamp=05/22/21 12:38:15, Temperature=114.2
2023-09-29 12:15:46,510 - INFO - Sent: Timestamp=05/22/21 12:38:15, Smoker Temp=114.2, Food A Temp=None, Food B Temp=None
2023-09-29 12:15:46,510 - INFO - CTRL+C to cancel program
2023-09-29 12:15:46,511 - INFO - Sent to 01-smoker Queue: Timestamp=05/22/21 12:39:10, Temperature=115.5
2023-09-29 12:15:46,621 - INFO - Sent: Timestamp=05/22/21 12:39:10, Smoker Temp=115.5, Food A Temp=None, Food B Temp=None
2023-09-29 12:15:46,621 - INFO - CTRL+C to cancel program
2023-09-29 12:15:46,622 - INFO - Sent to 01-smoker Queue: Timestamp=05/22/21 12:39:15, Temperature=115.5
2023-09-29 12:15:46,731 - INFO - Sent: Timestamp=05/22/21 12:39:15, Smoker Temp=115.5, Food A Temp=None, Food B Temp=None
2023-09-29 12:15:46,731 - INFO - CTRL+C to cancel program
2023-09-29 12:15:46,732 - INFO - Sent to 01-smoker Queue: Timestamp=05/22/21 12:40:10, Temperature=112.6
2023-09-29 12:15:46,842 - INFO - Sent: Timestamp=05/22/21 12:40:10, Smoker Temp=112.6, Food A Temp=None, Food B Temp=None
2023-09-29 12:15:46,842 - INFO - CTRL+C to cancel program
2023-09-29 12:15:46,843 - INFO - Sent to 01-smoker Queue: Timestamp=05/22/21 12:40:15, Temperature=112.6
2023-09-29 12:15:46,951 - INFO - Sent: Timestamp=05/22/21 12:40:15, Smoker Temp=112.6, Food A Temp=None, Food B Temp=None
2023-09-29 12:15:46,951 - INFO - CTRL+C to cancel program
2023-09-29 12:15:46,952 - INFO - Sent to 01-smoker Queue: Timestamp=05/22/21 12:41:10, Temperature=118.8
2023-09-29 12:15:47,062 - INFO - Sent: Timestamp=05/22/21 12:41:10, Smoker Temp=118.8, Food A Temp=None, Food B Temp=None
2023-09-29 12:15:47,062 - INFO - CTRL+C to cancel program
2023-09-29 12:15:47,063 - INFO - Sent to 01-smoker Queue: Timestamp=05/22/21 12:41:15, Temperature=118.8
2023-09-29 12:15:47,173 - INFO - Sent: Timestamp=05/22/21 12:41:15, Smoker Temp=118.8, Food A Temp=None, Food B Temp=None
2023-09-29 12:15:47,173 - INFO - CTRL+C to cancel program
2023-09-29 12:15:47,174 - INFO - Sent to 01-smoker Queue: Timestamp=05/22/21 12:42:10, Temperature=113.2
2023-09-29 12:15:47,283 - INFO - Sent: Timestamp=05/22/21 12:42:10, Smoker Temp=113.2, Food A Temp=None, Food B Temp=None
2023-09-29 12:15:47,283 - INFO - CTRL+C to cancel program
2023-09-29 12:15:47,284 - INFO - Sent to 01-smoker Queue: Timestamp=05/22/21 12:42:15, Temperature=113.2
2023-09-29 12:15:47,394 - INFO - Sent: Timestamp=05/22/21 12:42:15, Smoker Temp=113.2, Food A Temp=None, Food B Temp=None
2023-09-29 12:15:47,394 - INFO - CTRL+C to cancel program
2023-09-29 12:15:47,395 - INFO - Sent to 01-smoker Queue: Timestamp=05/22/21 12:43:10, Temperature=126.7
2023-09-29 12:15:47,505 - INFO - Sent: Timestamp=05/22/21 12:43:10, Smoker Temp=126.7, Food A Temp=None, Food B Temp=None
2023-09-29 12:15:47,505 - INFO - CTRL+C to cancel program
2023-09-29 12:15:47,505 - INFO - Sent to 01-smoker Queue: Timestamp=05/22/21 12:43:15, Temperature=126.7
2023-09-29 12:15:47,613 - INFO - Sent: Timestamp=05/22/21 12:43:15, Smoker Temp=126.7, Food A Temp=None, Food B Temp=None
2023-09-29 12:15:47,613 - INFO - CTRL+C to cancel program
2023-09-29 12:15:47,614 - INFO - Sent to 01-smoker Queue: Timestamp=05/22/21 12:44:10, Temperature=130.0
2023-09-29 12:15:47,723 - INFO - Sent: Timestamp=05/22/21 12:44:10, Smoker Temp=130.0, Food A Temp=None, Food B Temp=None
2023-09-29 12:15:47,723 - INFO - CTRL+C to cancel program
2023-09-29 12:15:47,724 - INFO - Sent to 01-smoker Queue: Timestamp=05/22/21 12:44:15, Temperature=130.0
2023-09-29 12:15:47,834 - INFO - Sent: Timestamp=05/22/21 12:44:15, Smoker Temp=130.0, Food A Temp=None, Food B Temp=None
2023-09-29 12:15:47,834 - INFO - CTRL+C to cancel program
2023-09-29 12:15:47,834 - INFO - Sent to 01-smoker Queue: Timestamp=05/22/21 12:45:10, Temperature=130.0
2023-09-29 12:15:47,945 - INFO - Sent: Timestamp=05/22/21 12:45:10, Smoker Temp=130.0, Food A Temp=None, Food B Temp=None
2023-09-29 12:15:47,945 - INFO - CTRL+C to cancel program
2023-09-29 12:15:47,946 - INFO - Sent to 01-smoker Queue: Timestamp=05/22/21 12:45:15, Temperature=130.0
2023-09-29 12:15:48,055 - INFO - Sent: Timestamp=05/22/21 12:45:15, Smoker Temp=130.0, Food A Temp=None, Food B Temp=None
2023-09-29 12:15:48,055 - INFO - CTRL+C to cancel program
2023-09-29 12:15:48,055 - INFO - Sent to 01-smoker Queue: Timestamp=05/22/21 12:46:10, Temperature=137.3
2023-09-29 12:15:48,167 - INFO - Sent: Timestamp=05/22/21 12:46:10, Smoker Temp=137.3, Food A Temp=None, Food B Temp=None
2023-09-29 12:15:48,167 - INFO - CTRL+C to cancel program
2023-09-29 12:15:48,168 - INFO - Sent to 01-smoker Queue: Timestamp=05/22/21 12:46:15, Temperature=137.3
2023-09-29 12:15:48,278 - INFO - Sent: Timestamp=05/22/21 12:46:15, Smoker Temp=137.3, Food A Temp=None, Food B Temp=None
2023-09-29 12:15:48,278 - INFO - CTRL+C to cancel program
2023-09-29 12:15:48,278 - INFO - Sent to 01-smoker Queue: Timestamp=05/22/21 12:47:10, Temperature=139.5
2023-09-29 12:15:48,390 - INFO - Sent: Timestamp=05/22/21 12:47:10, Smoker Temp=139.5, Food A Temp=None, Food B Temp=None
2023-09-29 12:15:48,390 - INFO - CTRL+C to cancel program
2023-09-29 12:15:48,391 - INFO - Sent to 01-smoker Queue: Timestamp=05/22/21 12:47:15, Temperature=139.5
2023-09-29 12:15:48,502 - INFO - Sent: Timestamp=05/22/21 12:47:15, Smoker Temp=139.5, Food A Temp=None, Food B Temp=None
2023-09-29 12:15:48,502 - INFO - CTRL+C to cancel program
2023-09-29 12:15:48,502 - INFO - Sent to 01-smoker Queue: Timestamp=05/22/21 12:48:10, Temperature=141.8
2023-09-29 12:15:48,614 - INFO - Sent: Timestamp=05/22/21 12:48:10, Smoker Temp=141.8, Food A Temp=None, Food B Temp=None
2023-09-29 12:15:48,614 - INFO - CTRL+C to cancel program
2023-09-29 12:15:48,614 - INFO - Sent to 01-smoker Queue: Timestamp=05/22/21 12:48:15, Temperature=141.8
2023-09-29 12:15:48,725 - INFO - Sent: Timestamp=05/22/21 12:48:15, Smoker Temp=141.8, Food A Temp=None, Food B Temp=None
2023-09-29 12:15:48,725 - INFO - CTRL+C to cancel program
2023-09-29 12:15:48,726 - INFO - Sent to 01-smoker Queue: Timestamp=05/22/21 12:49:10, Temperature=143.6
2023-09-29 12:15:48,835 - INFO - Sent: Timestamp=05/22/21 12:49:10, Smoker Temp=143.6, Food A Temp=None, Food B Temp=None
2023-09-29 12:15:48,835 - INFO - CTRL+C to cancel program
2023-09-29 12:15:48,836 - INFO - Sent to 01-smoker Queue: Timestamp=05/22/21 12:49:15, Temperature=143.6
2023-09-29 12:15:48,917 - INFO - Program execution was canceled by the user.
2023-09-29 12:15:48,917 - INFO - Closing connection (200): Normal shutdown
2023-09-29 12:15:48,917 - INFO - Closing channel (200): 'Normal shutdown' on <Channel number=1 OPEN conn=<SelectConnection OPEN transport=<pika.adapters.utils.io_services_utils._AsyncPlaintextTransport object at 0x0000021AD8830460> params=<ConnectionParameters host=localhost port=5672 virtual_host=/ ssl=False>>>
2023-09-29 12:15:48,918 - INFO - Received <Channel.CloseOk> on <Channel number=1 CLOSING conn=<SelectConnection OPEN transport=<pika.adapters.utils.io_services_utils._AsyncPlaintextTransport object at 0x0000021AD8830460> params=<ConnectionParameters host=localhost port=5672 virtual_host=/ ssl=False>>>
2023-09-29 12:15:48,918 - INFO - Closing connection (200): 'Normal shutdown'
2023-09-29 12:15:48,919 - INFO - Aborting transport connection: state=1; <socket.socket fd=1292, family=AddressFamily.AF_INET6, type=SocketKind.SOCK_STREAM, proto=6, laddr=('::1', 50102, 0, 0), raddr=('::1', 5672, 0, 0)>
2023-09-29 12:15:48,919 - INFO - _AsyncTransportBase._initate_abort(): Initiating abrupt asynchronous transport shutdown: state=1; error=None; <socket.socket fd=1292, family=AddressFamily.AF_INET6, type=SocketKind.SOCK_STREAM, proto=6, laddr=('::1', 50102, 0, 0), raddr=('::1', 5672, 0, 0)>
2023-09-29 12:15:48,919 - INFO - Deactivating transport: state=1; <socket.socket fd=1292, family=AddressFamily.AF_INET6, type=SocketKind.SOCK_STREAM, proto=6, laddr=('::1', 50102, 0, 0), raddr=('::1', 5672, 0, 0)>
2023-09-29 12:15:48,920 - INFO - AMQP stack terminated, failed to connect, or aborted: opened=True, error-arg=None; pending-error=ConnectionClosedByClient: (200) 'Normal shutdown'
2023-09-29 12:15:48,920 - INFO - Stack terminated due to ConnectionClosedByClient: (200) 'Normal shutdown'
2023-09-29 12:15:48,920 - INFO - Closing transport socket and unlinking: state=3; <socket.socket fd=1292, family=AddressFamily.AF_INET6, type=SocketKind.SOCK_STREAM, proto=6, laddr=('::1', 50102, 0, 0), raddr=('::1', 5672, 0, 0)>
2023-09-29 12:15:48,921 - INFO - User-initiated close: result=BlockingConnection__OnClosedArgs(connection=<SelectConnection CLOSED transport=None params=<ConnectionParameters host=localhost port=5672 virtual_host=/ ssl=False>>, error=ConnectionClosedByClient: (200) 'Normal shutdown')
